Start time: 1671422564805, End time: 1671422578176, Time taken: 13371ms, 
133ms/shape (7 shapes/s), Seed: 563350171, 
Iterations: 10, Shapes in iteration: 10, Shapes generated: 100

Start time: 1671423275032, End time: 1671423288490, Time taken: 13458 ms, 
134 ms/shape (7 shapes/s), Seed: 988968642, 
Iterations: 10, Shapes in iteration: 10, Shapes generated: 100

Start time: 1671423360481, End time: 1671423363929, Time taken: 3448 ms, 
344 ms/shape (3 shapes/s), Seed: 963871475, 
Iterations: 1, Shapes in iteration: 10, Shapes generated: 10

Start time: 1671423376636, End time: 1671423379738, Time taken: 3102 ms, 
310 ms/shape (3 shapes/s), Seed: 32919751, 
Iterations: 1, Shapes in iteration: 10, Shapes generated: 10

Start time: 1671429478955, End time: 1671429481874, Time taken: 2919 ms, 
291 ms/shape (5 shapes/s), Seed: 91313590, 
Iterations: 1, Shapes in iteration: 10, Shapes generated: 10

Start time: 1671429641469, End time: 1671429644795, Time taken: 3326 ms, 
332 ms/shape (3 shapes/s), Seed: 594579416, 
Iterations: 1, Shapes in iteration: 10, Shapes generated: 10

Start time: 1671429661189, End time: 1671429664007, Time taken: 2818 ms, 
281 ms/shape (5 shapes/s), Seed: 24001151, 
Iterations: 1, Shapes in iteration: 10, Shapes generated: 10

Start time: 1671429794562, End time: 1671429797680, Time taken: 3118 ms, 
311 ms/shape (3 shapes/s), Seed: 377891139, 
Iterations: 1, Shapes in iteration: 10, Shapes generated: 10

Start time: 1671429821353, End time: 1671429824675, Time taken: 3322 ms, 
332 ms/shape (3 shapes/s), Seed: 522131578, 
Iterations: 1, Shapes in iteration: 10, Shapes generated: 10

Start time: 1671429843394, End time: 1671429846504, Time taken: 3110 ms, 
311 ms/shape (3 shapes/s), Seed: 43239497, 
Iterations: 1, Shapes in iteration: 10, Shapes generated: 10

Start time: 1671429954451, End time: 1671429957483, Time taken: 3032 ms, 
303 ms/shape (3 shapes/s), Seed: 709367396, 
Iterations: 1, Shapes in iteration: 10, Shapes generated: 10

Start time: 1671430052286, End time: 1671430055463, Time taken: 3177 ms, 
317 ms/shape (3 shapes/s), Seed: 798105951, 
Iterations: 1, Shapes in iteration: 10, Shapes generated: 10

Start time: 1671430119020, End time: 1671430122207, Time taken: 3187 ms, 
318 ms/shape (3 shapes/s), Seed: 382190039, 
Iterations: 1, Shapes in iteration: 10, Shapes generated: 10

Start time: 1671430153019, End time: 1671430156163, Time taken: 3144 ms, 
314 ms/shape (3 shapes/s), Seed: 906782695, 
Iterations: 1, Shapes in iteration: 10, Shapes generated: 10

Start time: 1671430186757, End time: 1671430189914, Time taken: 3157 ms, 
315 ms/shape (3 shapes/s), Seed: 239263569, 
Iterations: 1, Shapes in iteration: 10, Shapes generated: 10

Start time: 1671430304971, End time: 1671430975094, Time taken: 670123 ms, 
107 ms/shape (9 shapes/s), Seed: 687844359, 
Iterations: 25, Shapes in iteration: 250, Shapes generated: 6250

